<?xml version="1.0" encoding="UTF-8" ?>
<testsuite tests="8" failures="0" name="com.ba.action.PlayerActionUnitTest" time="0.912" errors="0" skipped="0">
  <properties>
[...]
</properties>
  <testcase classname="com.ba.action.PlayerActionUnitTest" name="shouldPlayForLookAround" time="0.615"/>
  <testcase classname="com.ba.action.PlayerActionUnitTest" name="shouldPlayForAttack" time="0.055"/>
  <testcase classname="com.ba.action.PlayerActionUnitTest" name="shouldPlayForAttackForRoundsMoreThan10" time="0.045"/>
  <testcase classname="com.ba.action.PlayerActionUnitTest" name="shouldCreateCharacter" time="0.048"/>
  <testcase classname="com.ba.action.PlayerActionUnitTest" name="shouldHandleAnyOtherCase" time="0.043"/>
  <testcase classname="com.ba.action.PlayerActionUnitTest" name="shouldHandleQuit" time="0.037"/>
  <testcase classname="com.ba.action.PlayerActionUnitTest" name="shouldSave" time="0.03"/>
  <testcase classname="com.ba.action.PlayerActionUnitTest" name="shouldOpen" time="0.039"/>
</testsuite>